<?xml version="1.0" encoding="UTF-8"?>
<testsuite xmlns:xsi="http://www.w3.org/2001/XMLSchema-instance" xsi:noNamespaceSchemaLocation="https://maven.apache.org/surefire/maven-surefire-plugin/xsd/surefire-test-report.xsd" name="com.example.transaction_app.export_test.ExportTransactionTest" time="4.309" tests="1" errors="1" skipped="0" failures="0">
  <properties>
[...]
</properties>
  <testcase name="testSearchTransaction" classname="com.example.transaction_app.export_test.ExportTransactionTest" time="4.292">
    <error message="Cannot invoke &quot;java.util.List.size()&quot; because &quot;listOutDTO&quot; is null" type="java.lang.NullPointerException">java.lang.NullPointerException: Cannot invoke "java.util.List.size()" because "listOutDTO" is null
	at com.example.transaction_app.export_test.ExportTransactionTest.testSearchTransaction(ExportTransactionTest.java:27)
</error>
  </testcase>
</testsuite>